[20-Aug-2017 19:32:30 Europe/Berlin] PHP Warning:  require(config.php): failed to open stream: No such file or directory in /home/banana/code/insipid/webroot/job/email-import.php on line 56
[20-Aug-2017 19:32:30 Europe/Berlin] PHP Fatal error:  require(): Failed opening required 'config.php' (include_path='.:/usr/share/php5:/usr/share/php') in /home/banana/code/insipid/webroot/job/email-import.php on line 56
[20-Aug-2017 19:42:37 Europe/Berlin] PHP Notice:  Undefined variable: EmailReader in /home/banana/code/insipid/webroot/job/email-import.php on line 66
[20-Aug-2017 19:42:37 Europe/Berlin] PHP Fatal error:  Class name must be a valid object or a string in /home/banana/code/insipid/webroot/job/email-import.php on line 66
[20-Aug-2017 19:43:13 Europe/Berlin] PHP Fatal error:  Class 'EmailReader' not found in /home/banana/code/insipid/webroot/job/email-import.php on line 67
[20-Aug-2017 19:43:23 Europe/Berlin] Email server connection failed: 'Missing EMAIL_SERVER'
[20-Aug-2017 19:43:25 Europe/Berlin] Email server connection failed: 'Missing EMAIL_SERVER'
[20-Aug-2017 19:43:49 Europe/Berlin] Email server connection failed: 'Missing EMAIL_SERVER'
[20-Aug-2017 19:43:59 Europe/Berlin] Email server connection failed: 'Missing EMAIL_SERVER'
[20-Aug-2017 19:46:06 Europe/Berlin] Email server connection failed: 'Missing EMAIL_SERVER'
[20-Aug-2017 20:07:56 Europe/Berlin] PHP Fatal error:  Call to undefined function imap_open() in /home/banana/code/insipid/webroot/lib/simple-imap.class.php on line 51
[20-Aug-2017 20:52:35 Europe/Berlin] PHP Fatal error:  Uncaught Error: Cannot use object of type stdClass as array in /home/banana/code/insipid/webroot/lib/simple-imap.class.php:76
Stack trace:
#0 /home/banana/code/insipid/webroot/job/email-import.php(83): SimpleImap->process()
#1 {main}
  thrown in /home/banana/code/insipid/webroot/lib/simple-imap.class.php on line 76
[20-Aug-2017 20:53:03 Europe/Berlin] PHP Fatal error:  Uncaught Error: Cannot use object of type stdClass as array in /home/banana/code/insipid/webroot/lib/simple-imap.class.php:77
Stack trace:
#0 /home/banana/code/insipid/webroot/job/email-import.php(83): SimpleImap->process()
#1 {main}
  thrown in /home/banana/code/insipid/webroot/lib/simple-imap.class.php on line 77
[20-Aug-2017 20:56:57 Europe/Berlin] PHP Parse error:  syntax error, unexpected '=>' (T_DOUBLE_ARROW), expecting ',' or ')' in /home/banana/code/insipid/webroot/lib/simple-imap.class.php on line 83
[20-Aug-2017 21:01:58 Europe/Berlin] PHP Notice:  Trying to get property of non-object in /home/banana/code/insipid/webroot/lib/simple-imap.class.php on line 76
[20-Aug-2017 21:01:59 Europe/Berlin] PHP Notice:  Trying to get property of non-object in /home/banana/code/insipid/webroot/lib/simple-imap.class.php on line 76
[20-Aug-2017 21:01:59 Europe/Berlin] PHP Notice:  Trying to get property of non-object in /home/banana/code/insipid/webroot/lib/simple-imap.class.php on line 76
[20-Aug-2017 21:01:59 Europe/Berlin] PHP Notice:  Trying to get property of non-object in /home/banana/code/insipid/webroot/lib/simple-imap.class.php on line 76
[20-Aug-2017 21:01:59 Europe/Berlin] PHP Notice:  Trying to get property of non-object in /home/banana/code/insipid/webroot/lib/simple-imap.class.php on line 76
[20-Aug-2017 21:01:59 Europe/Berlin] PHP Notice:  Trying to get property of non-object in /home/banana/code/insipid/webroot/lib/simple-imap.class.php on line 76
[20-Aug-2017 21:01:59 Europe/Berlin] PHP Notice:  Trying to get property of non-object in /home/banana/code/insipid/webroot/lib/simple-imap.class.php on line 76
[20-Aug-2017 21:01:59 Europe/Berlin] PHP Notice:  Trying to get property of non-object in /home/banana/code/insipid/webroot/lib/simple-imap.class.php on line 76
[20-Aug-2017 21:01:59 Europe/Berlin] PHP Notice:  Trying to get property of non-object in /home/banana/code/insipid/webroot/lib/simple-imap.class.php on line 76
[20-Aug-2017 21:01:59 Europe/Berlin] PHP Notice:  Trying to get property of non-object in /home/banana/code/insipid/webroot/lib/simple-imap.class.php on line 76
[20-Aug-2017 21:01:59 Europe/Berlin] PHP Notice:  Trying to get property of non-object in /home/banana/code/insipid/webroot/lib/simple-imap.class.php on line 76
[20-Aug-2017 21:01:59 Europe/Berlin] PHP Notice:  Trying to get property of non-object in /home/banana/code/insipid/webroot/lib/simple-imap.class.php on line 76
[20-Aug-2017 21:01:59 Europe/Berlin] PHP Notice:  Trying to get property of non-object in /home/banana/code/insipid/webroot/lib/simple-imap.class.php on line 76
[20-Aug-2017 21:01:59 Europe/Berlin] PHP Notice:  Trying to get property of non-object in /home/banana/code/insipid/webroot/lib/simple-imap.class.php on line 76
[20-Aug-2017 21:01:59 Europe/Berlin] PHP Notice:  Trying to get property of non-object in /home/banana/code/insipid/webroot/lib/simple-imap.class.php on line 76
[20-Aug-2017 21:02:00 Europe/Berlin] PHP Notice:  Trying to get property of non-object in /home/banana/code/insipid/webroot/lib/simple-imap.class.php on line 76
[20-Aug-2017 21:02:00 Europe/Berlin] PHP Notice:  Trying to get property of non-object in /home/banana/code/insipid/webroot/lib/simple-imap.class.php on line 76
[20-Aug-2017 21:02:31 Europe/Berlin] PHP Notice:  Trying to get property of non-object in /home/banana/code/insipid/webroot/lib/simple-imap.class.php on line 76
[20-Aug-2017 21:02:31 Europe/Berlin] PHP Notice:  Trying to get property of non-object in /home/banana/code/insipid/webroot/lib/simple-imap.class.php on line 76
[20-Aug-2017 21:02:31 Europe/Berlin] PHP Notice:  Trying to get property of non-object in /home/banana/code/insipid/webroot/lib/simple-imap.class.php on line 76
[20-Aug-2017 21:02:31 Europe/Berlin] PHP Notice:  Trying to get property of non-object in /home/banana/code/insipid/webroot/lib/simple-imap.class.php on line 76
[20-Aug-2017 21:02:31 Europe/Berlin] PHP Notice:  Trying to get property of non-object in /home/banana/code/insipid/webroot/lib/simple-imap.class.php on line 76
[20-Aug-2017 21:02:31 Europe/Berlin] PHP Notice:  Trying to get property of non-object in /home/banana/code/insipid/webroot/lib/simple-imap.class.php on line 76
[20-Aug-2017 21:02:31 Europe/Berlin] PHP Notice:  Trying to get property of non-object in /home/banana/code/insipid/webroot/lib/simple-imap.class.php on line 76
[20-Aug-2017 21:02:31 Europe/Berlin] PHP Notice:  Trying to get property of non-object in /home/banana/code/insipid/webroot/lib/simple-imap.class.php on line 76
[20-Aug-2017 21:02:31 Europe/Berlin] PHP Notice:  Trying to get property of non-object in /home/banana/code/insipid/webroot/lib/simple-imap.class.php on line 76
[20-Aug-2017 21:02:31 Europe/Berlin] PHP Notice:  Trying to get property of non-object in /home/banana/code/insipid/webroot/lib/simple-imap.class.php on line 76
[20-Aug-2017 21:02:31 Europe/Berlin] PHP Notice:  Trying to get property of non-object in /home/banana/code/insipid/webroot/lib/simple-imap.class.php on line 76
[20-Aug-2017 21:02:32 Europe/Berlin] PHP Notice:  Trying to get property of non-object in /home/banana/code/insipid/webroot/lib/simple-imap.class.php on line 76
[20-Aug-2017 21:02:32 Europe/Berlin] PHP Notice:  Trying to get property of non-object in /home/banana/code/insipid/webroot/lib/simple-imap.class.php on line 76
[20-Aug-2017 21:02:32 Europe/Berlin] PHP Notice:  Trying to get property of non-object in /home/banana/code/insipid/webroot/lib/simple-imap.class.php on line 76
[20-Aug-2017 21:02:32 Europe/Berlin] PHP Notice:  Trying to get property of non-object in /home/banana/code/insipid/webroot/lib/simple-imap.class.php on line 76
[20-Aug-2017 21:02:32 Europe/Berlin] PHP Notice:  Trying to get property of non-object in /home/banana/code/insipid/webroot/lib/simple-imap.class.php on line 76
[20-Aug-2017 21:02:32 Europe/Berlin] PHP Notice:  Trying to get property of non-object in /home/banana/code/insipid/webroot/lib/simple-imap.class.php on line 76
[20-Aug-2017 21:06:14 Europe/Berlin] PHP Notice:  Trying to get property of non-object in /home/banana/code/insipid/webroot/lib/simple-imap.class.php on line 77
[20-Aug-2017 21:06:14 Europe/Berlin] PHP Notice:  Trying to get property of non-object in /home/banana/code/insipid/webroot/lib/simple-imap.class.php on line 77
[20-Aug-2017 21:06:14 Europe/Berlin] PHP Notice:  Trying to get property of non-object in /home/banana/code/insipid/webroot/lib/simple-imap.class.php on line 77
[20-Aug-2017 21:06:14 Europe/Berlin] PHP Notice:  Trying to get property of non-object in /home/banana/code/insipid/webroot/lib/simple-imap.class.php on line 77
[20-Aug-2017 21:06:14 Europe/Berlin] PHP Notice:  Trying to get property of non-object in /home/banana/code/insipid/webroot/lib/simple-imap.class.php on line 77
[20-Aug-2017 21:06:14 Europe/Berlin] PHP Notice:  Trying to get property of non-object in /home/banana/code/insipid/webroot/lib/simple-imap.class.php on line 77
[20-Aug-2017 21:06:14 Europe/Berlin] PHP Notice:  Trying to get property of non-object in /home/banana/code/insipid/webroot/lib/simple-imap.class.php on line 77
[20-Aug-2017 21:06:14 Europe/Berlin] PHP Notice:  Trying to get property of non-object in /home/banana/code/insipid/webroot/lib/simple-imap.class.php on line 77
[20-Aug-2017 21:06:14 Europe/Berlin] PHP Notice:  Trying to get property of non-object in /home/banana/code/insipid/webroot/lib/simple-imap.class.php on line 77
[20-Aug-2017 21:06:14 Europe/Berlin] PHP Notice:  Trying to get property of non-object in /home/banana/code/insipid/webroot/lib/simple-imap.class.php on line 77
[20-Aug-2017 21:06:14 Europe/Berlin] PHP Notice:  Trying to get property of non-object in /home/banana/code/insipid/webroot/lib/simple-imap.class.php on line 77
[20-Aug-2017 21:06:15 Europe/Berlin] PHP Notice:  Trying to get property of non-object in /home/banana/code/insipid/webroot/lib/simple-imap.class.php on line 77
[20-Aug-2017 21:06:15 Europe/Berlin] PHP Notice:  Trying to get property of non-object in /home/banana/code/insipid/webroot/lib/simple-imap.class.php on line 77
[20-Aug-2017 21:06:15 Europe/Berlin] PHP Notice:  Trying to get property of non-object in /home/banana/code/insipid/webroot/lib/simple-imap.class.php on line 77
[20-Aug-2017 21:06:15 Europe/Berlin] PHP Notice:  Trying to get property of non-object in /home/banana/code/insipid/webroot/lib/simple-imap.class.php on line 77
[20-Aug-2017 21:06:15 Europe/Berlin] PHP Notice:  Trying to get property of non-object in /home/banana/code/insipid/webroot/lib/simple-imap.class.php on line 77
[20-Aug-2017 21:06:15 Europe/Berlin] PHP Notice:  Trying to get property of non-object in /home/banana/code/insipid/webroot/lib/simple-imap.class.php on line 77
[21-Aug-2017 21:35:20 Europe/Berlin] PHP Warning:  imap_utf7_decode(): Invalid modified UTF-7 character: `' in /home/banana/code/insipid/webroot/lib/simple-imap.class.php on line 168
[21-Aug-2017 21:35:20 Europe/Berlin] PHP Warning:  imap_utf7_decode(): Invalid modified UTF-7 character: `' in /home/banana/code/insipid/webroot/lib/simple-imap.class.php on line 168
[21-Aug-2017 21:57:07 Europe/Berlin] Read 19 messages
[21-Aug-2017 21:57:07 Europe/Berlin] Processed 2 messages
[21-Aug-2017 21:57:33 Europe/Berlin] Read 19 messages
[21-Aug-2017 21:57:33 Europe/Berlin] Processed 2 messages
[21-Aug-2017 21:58:00 Europe/Berlin] Read 19 messages
[21-Aug-2017 21:58:00 Europe/Berlin] Processed 2 messages
